<?xml version="1.0" encoding="UTF-8"?>
<coverage generated="1590075077846" clover="3.2.0">
  <project timestamp="1590075077846" name="All files">
    <metrics statements="99" coveredstatements="99" conditionals="60" coveredconditionals="60" methods="25" coveredmethods="25" elements="184" coveredelements="184" complexity="0" loc="99" ncloc="99" packages="1" files="1" classes="1"/>
    <file name="index.tsx" path="C:\Users\itaym\WebStormProjects\react-any-event\src\index.tsx">
      <metrics statements="99" coveredstatements="99" conditionals="60" coveredconditionals="60" methods="25" coveredmethods="25"/>
      <line num="1" count="1" type="stmt"/>
      <line num="2" count="1" type="stmt"/>
      <line num="106" count="1" type="stmt"/>
      <line num="107" count="8" type="stmt"/>
      <line num="109" count="8" type="stmt"/>
      <line num="110" count="8" type="stmt"/>
      <line num="113" count="8" type="cond" truecount="2" falsecount="0"/>
      <line num="114" count="8" type="stmt"/>
      <line num="116" count="1" type="stmt"/>
      <line num="117" count="8" type="stmt"/>
      <line num="118" count="8" type="stmt"/>
      <line num="120" count="1" type="stmt"/>
      <line num="121" count="10" type="cond" truecount="4" falsecount="0"/>
      <line num="122" count="10" type="cond" truecount="4" falsecount="0"/>
      <line num="123" count="10" type="stmt"/>
      <line num="125" count="10" type="stmt"/>
      <line num="126" count="10" type="stmt"/>
      <line num="128" count="49" type="cond" truecount="2" falsecount="0"/>
      <line num="129" count="32" type="stmt"/>
      <line num="131" count="17" type="stmt"/>
      <line num="134" count="7" type="cond" truecount="2" falsecount="0"/>
      <line num="135" count="3" type="stmt"/>
      <line num="138" count="7" type="stmt"/>
      <line num="143" count="2" type="stmt"/>
      <line num="145" count="1" type="stmt"/>
      <line num="146" count="8" type="stmt"/>
      <line num="147" count="8" type="stmt"/>
      <line num="148" count="8" type="stmt"/>
      <line num="150" count="8" type="stmt"/>
      <line num="153" count="18" type="stmt"/>
      <line num="158" count="18" type="stmt"/>
      <line num="159" count="21" type="cond" truecount="2" falsecount="0"/>
      <line num="160" count="21" type="stmt"/>
      <line num="161" count="27" type="cond" truecount="2" falsecount="0"/>
      <line num="162" count="27" type="stmt"/>
      <line num="163" count="27" type="cond" truecount="2" falsecount="0"/>
      <line num="164" count="24" type="stmt"/>
      <line num="166" count="27" type="stmt"/>
      <line num="167" count="27" type="stmt"/>
      <line num="171" count="8" type="stmt"/>
      <line num="172" count="10" type="cond" truecount="2" falsecount="0"/>
      <line num="173" count="9" type="cond" truecount="2" falsecount="0"/>
      <line num="174" count="9" type="cond" truecount="2" falsecount="0"/>
      <line num="176" count="8" type="stmt"/>
      <line num="178" count="1" type="stmt"/>
      <line num="179" count="7" type="stmt"/>
      <line num="180" count="7" type="stmt"/>
      <line num="187" count="7" type="cond" truecount="2" falsecount="0"/>
      <line num="188" count="8" type="cond" truecount="2" falsecount="0"/>
      <line num="189" count="8" type="cond" truecount="2" falsecount="0"/>
      <line num="191" count="7" type="stmt"/>
      <line num="193" count="1" type="stmt"/>
      <line num="194" count="15" type="cond" truecount="2" falsecount="0"/>
      <line num="195" count="15" type="stmt"/>
      <line num="196" count="15" type="stmt"/>
      <line num="197" count="15" type="cond" truecount="2" falsecount="0"/>
      <line num="199" count="15" type="cond" truecount="2" falsecount="0"/>
      <line num="201" count="5" type="cond" truecount="2" falsecount="0"/>
      <line num="202" count="5" type="cond" truecount="2" falsecount="0"/>
      <line num="203" count="3" type="stmt"/>
      <line num="207" count="12" type="stmt"/>
      <line num="208" count="12" type="stmt"/>
      <line num="210" count="12" type="cond" truecount="2" falsecount="0"/>
      <line num="211" count="10" type="stmt"/>
      <line num="212" count="16" type="stmt"/>
      <line num="213" count="16" type="cond" truecount="2" falsecount="0"/>
      <line num="214" count="10" type="stmt"/>
      <line num="218" count="8" type="stmt"/>
      <line num="219" count="8" type="stmt"/>
      <line num="220" count="8" type="cond" truecount="2" falsecount="0"/>
      <line num="221" count="5" type="stmt"/>
      <line num="222" count="6" type="stmt"/>
      <line num="223" count="1" type="stmt"/>
      <line num="229" count="8" type="stmt"/>
      <line num="232" count="8" type="stmt"/>
      <line num="233" count="26" type="stmt"/>
      <line num="235" count="31" type="stmt"/>
      <line num="236" count="31" type="cond" truecount="2" falsecount="0"/>
      <line num="237" count="20" type="stmt"/>
      <line num="238" count="20" type="cond" truecount="2" falsecount="0"/>
      <line num="240" count="16" type="stmt"/>
      <line num="241" count="16" type="cond" truecount="2" falsecount="0"/>
      <line num="242" count="14" type="stmt"/>
      <line num="243" count="14" type="cond" truecount="2" falsecount="0"/>
      <line num="244" count="12" type="stmt"/>
      <line num="245" count="14" type="stmt"/>
      <line num="250" count="16" type="stmt"/>
      <line num="252" count="27" type="stmt"/>
      <line num="253" count="11" type="stmt"/>
      <line num="257" count="1" type="stmt"/>
      <line num="258" count="8" type="cond" truecount="2" falsecount="0"/>
      <line num="259" count="7" type="stmt"/>
      <line num="260" count="7" type="stmt"/>
      <line num="263" count="16" type="stmt"/>
      <line num="264" count="16" type="stmt"/>
      <line num="265" count="32" type="stmt"/>
      <line num="266" count="16" type="stmt"/>
      <line num="269" count="31" type="cond" truecount="2" falsecount="0"/>
      <line num="272" count="1" type="stmt"/>
    </file>
  </project>
</coverage>
