{"C:\\Users\\itaym\\WebStormProjects\\react-any-event\\src\\index.tsx": {"path":"C:\\Users\\itaym\\WebStormProjects\\react-any-event\\src\\index.tsx","statementMap":{"0":{"start":{"line":1,"column":0},"end":{"line":1,"column":60}},"1":{"start":{"line":2,"column":0},"end":{"line":2,"column":34}},"2":{"start":{"line":106,"column":0},"end":{"line":106,"column":63}},"3":{"start":{"line":106,"column":38},"end":{"line":106,"column":47}},"4":{"start":{"line":113,"column":8},"end":{"line":113,"column":null}},"5":{"start":{"line":107,"column":4},"end":{"line":107,"column":29}},"6":{"start":{"line":109,"column":4},"end":{"line":109,"column":33}},"7":{"start":{"line":110,"column":4},"end":{"line":110,"column":24}},"8":{"start":{"line":232,"column":4},"end":{"line":256,"column":null}},"9":{"start":{"line":233,"column":44},"end":{"line":233,"column":49}},"10":{"start":{"line":236,"column":12},"end":{"line":251,"column":null}},"11":{"start":{"line":237,"column":40},"end":{"line":237,"column":75}},"12":{"start":{"line":238,"column":16},"end":{"line":238,"column":null}},"13":{"start":{"line":238,"column":47},"end":{"line":238,"column":null}},"14":{"start":{"line":240,"column":38},"end":{"line":240,"column":80}},"15":{"start":{"line":241,"column":16},"end":{"line":249,"column":null}},"16":{"start":{"line":242,"column":20},"end":{"line":248,"column":null}},"17":{"start":{"line":242,"column":46},"end":{"line":242,"column":82}},"18":{"start":{"line":242,"column":80},"end":{"line":242,"column":82}},"19":{"start":{"line":242,"column":42},"end":{"line":242,"column":46}},"20":{"start":{"line":243,"column":24},"end":{"line":247,"column":null}},"21":{"start":{"line":244,"column":28},"end":{"line":246,"column":31}},"22":{"start":{"line":245,"column":32},"end":{"line":245,"column":116}},"23":{"start":{"line":250,"column":16},"end":{"line":250,"column":89}},"24":{"start":{"line":252,"column":12},"end":{"line":254,"column":15}},"25":{"start":{"line":253,"column":16},"end":{"line":253,"column":42}},"26":{"start":{"line":235,"column":8},"end":{"line":255,"column":null}},"27":{"start":{"line":235,"column":31},"end":{"line":235,"column":null}},"28":{"start":{"line":235,"column":46},"end":{"line":235,"column":null}},"29":{"start":{"line":235,"column":27},"end":{"line":235,"column":31}},"30":{"start":{"line":235,"column":19},"end":{"line":235,"column":31}},"31":{"start":{"line":114,"column":8},"end":{"line":114,"column":27}},"32":{"start":{"line":116,"column":4},"end":{"line":119,"column":null}},"33":{"start":{"line":117,"column":8},"end":{"line":117,"column":27}},"34":{"start":{"line":118,"column":8},"end":{"line":118,"column":50}},"35":{"start":{"line":118,"column":28},"end":{"line":118,"column":49}},"36":{"start":{"line":120,"column":4},"end":{"line":144,"column":null}},"37":{"start":{"line":121,"column":26},"end":{"line":121,"column":113}},"38":{"start":{"line":122,"column":26},"end":{"line":122,"column":111}},"39":{"start":{"line":123,"column":22},"end":{"line":123,"column":26}},"40":{"start":{"line":125,"column":8},"end":{"line":143,"column":16}},"41":{"start":{"line":126,"column":12},"end":{"line":141,"column":15}},"42":{"start":{"line":128,"column":20},"end":{"line":130,"column":null}},"43":{"start":{"line":129,"column":24},"end":{"line":129,"column":55}},"44":{"start":{"line":131,"column":20},"end":{"line":131,"column":55}},"45":{"start":{"line":134,"column":20},"end":{"line":136,"column":null}},"46":{"start":{"line":135,"column":24},"end":{"line":135,"column":58}},"47":{"start":{"line":138,"column":20},"end":{"line":138,"column":65}},"48":{"start":{"line":145,"column":4},"end":{"line":177,"column":null}},"49":{"start":{"line":146,"column":37},"end":{"line":146,"column":42}},"50":{"start":{"line":147,"column":28},"end":{"line":147,"column":30}},"51":{"start":{"line":148,"column":29},"end":{"line":148,"column":31}},"52":{"start":{"line":150,"column":31},"end":{"line":170,"column":9}},"53":{"start":{"line":153,"column":41},"end":{"line":157,"column":35}},"54":{"start":{"line":158,"column":12},"end":{"line":169,"column":15}},"55":{"start":{"line":159,"column":16},"end":{"line":159,"column":66}},"56":{"start":{"line":159,"column":38},"end":{"line":159,"column":66}},"57":{"start":{"line":160,"column":16},"end":{"line":168,"column":19}},"58":{"start":{"line":161,"column":20},"end":{"line":161,"column":64}},"59":{"start":{"line":161,"column":38},"end":{"line":161,"column":64}},"60":{"start":{"line":162,"column":34},"end":{"line":162,"column":69}},"61":{"start":{"line":163,"column":20},"end":{"line":165,"column":null}},"62":{"start":{"line":164,"column":24},"end":{"line":164,"column":66}},"63":{"start":{"line":166,"column":20},"end":{"line":166,"column":63}},"64":{"start":{"line":167,"column":20},"end":{"line":167,"column":39}},"65":{"start":{"line":171,"column":9},"end":{"line":175,"column":11}},"66":{"start":{"line":172,"column":12},"end":{"line":172,"column":31}},"67":{"start":{"line":172,"column":24},"end":{"line":172,"column":31}},"68":{"start":{"line":173,"column":12},"end":{"line":173,"column":80}},"69":{"start":{"line":174,"column":12},"end":{"line":174,"column":77}},"70":{"start":{"line":176,"column":8},"end":{"line":176,"column":52}},"71":{"start":{"line":178,"column":4},"end":{"line":192,"column":null}},"72":{"start":{"line":179,"column":37},"end":{"line":179,"column":42}},"73":{"start":{"line":180,"column":40},"end":{"line":186,"column":10}},"74":{"start":{"line":187,"column":8},"end":{"line":190,"column":11}},"75":{"start":{"line":188,"column":12},"end":{"line":188,"column":94}},"76":{"start":{"line":189,"column":12},"end":{"line":189,"column":53}},"77":{"start":{"line":191,"column":8},"end":{"line":191,"column":18}},"78":{"start":{"line":193,"column":4},"end":{"line":206,"column":null}},"79":{"start":{"line":194,"column":25},"end":{"line":194,"column":65}},"80":{"start":{"line":195,"column":30},"end":{"line":195,"column":56}},"81":{"start":{"line":196,"column":30},"end":{"line":196,"column":68}},"82":{"start":{"line":197,"column":30},"end":{"line":197,"column":76}},"83":{"start":{"line":199,"column":8},"end":{"line":205,"column":null}},"84":{"start":{"line":201,"column":12},"end":{"line":201,"column":67}},"85":{"start":{"line":201,"column":36},"end":{"line":201,"column":67}},"86":{"start":{"line":202,"column":12},"end":{"line":204,"column":null}},"87":{"start":{"line":203,"column":16},"end":{"line":203,"column":40}},"88":{"start":{"line":207,"column":4},"end":{"line":231,"column":null}},"89":{"start":{"line":207,"column":4},"end":{"line":207,"column":18}},"90":{"start":{"line":208,"column":58},"end":{"line":208,"column":63}},"91":{"start":{"line":208,"column":37},"end":{"line":208,"column":39}},"92":{"start":{"line":208,"column":51},"end":{"line":208,"column":53}},"93":{"start":{"line":210,"column":8},"end":{"line":230,"column":null}},"94":{"start":{"line":211,"column":12},"end":{"line":217,"column":null}},"95":{"start":{"line":211,"column":54},"end":{"line":211,"column":83}},"96":{"start":{"line":211,"column":81},"end":{"line":211,"column":83}},"97":{"start":{"line":211,"column":23},"end":{"line":211,"column":24}},"98":{"start":{"line":211,"column":32},"end":{"line":211,"column":34}},"99":{"start":{"line":211,"column":49},"end":{"line":211,"column":50}},"100":{"start":{"line":212,"column":16},"end":{"line":216,"column":null}},"101":{"start":{"line":212,"column":42},"end":{"line":212,"column":66}},"102":{"start":{"line":212,"column":64},"end":{"line":212,"column":66}},"103":{"start":{"line":212,"column":38},"end":{"line":212,"column":42}},"104":{"start":{"line":213,"column":20},"end":{"line":215,"column":null}},"105":{"start":{"line":214,"column":24},"end":{"line":214,"column":60}},"106":{"start":{"line":219,"column":16},"end":{"line":227,"column":null}},"107":{"start":{"line":219,"column":42},"end":{"line":219,"column":66}},"108":{"start":{"line":219,"column":64},"end":{"line":219,"column":66}},"109":{"start":{"line":219,"column":38},"end":{"line":219,"column":42}},"110":{"start":{"line":220,"column":20},"end":{"line":226,"column":null}},"111":{"start":{"line":221,"column":24},"end":{"line":225,"column":27}},"112":{"start":{"line":222,"column":28},"end":{"line":224,"column":31}},"113":{"start":{"line":223,"column":32},"end":{"line":223,"column":101}},"114":{"start":{"line":218,"column":12},"end":{"line":228,"column":null}},"115":{"start":{"line":218,"column":55},"end":{"line":218,"column":null}},"116":{"start":{"line":218,"column":83},"end":{"line":218,"column":null}},"117":{"start":{"line":218,"column":23},"end":{"line":218,"column":24}},"118":{"start":{"line":218,"column":33},"end":{"line":218,"column":35}},"119":{"start":{"line":218,"column":50},"end":{"line":218,"column":51}},"120":{"start":{"line":218,"column":24},"end":{"line":218,"column":51}},"121":{"start":{"line":229,"column":12},"end":{"line":229,"column":94}},"122":{"start":{"line":229,"column":62},"end":{"line":229,"column":93}},"123":{"start":{"line":257,"column":4},"end":{"line":262,"column":null}},"124":{"start":{"line":258,"column":8},"end":{"line":261,"column":null}},"125":{"start":{"line":259,"column":47},"end":{"line":259,"column":90}},"126":{"start":{"line":260,"column":12},"end":{"line":260,"column":68}},"127":{"start":{"line":263,"column":4},"end":{"line":271,"column":null}},"128":{"start":{"line":263,"column":4},"end":{"line":263,"column":10}},"129":{"start":{"line":264,"column":47},"end":{"line":264,"column":51}},"130":{"start":{"line":264,"column":21},"end":{"line":264,"column":33}},"131":{"start":{"line":264,"column":41},"end":{"line":264,"column":47}},"132":{"start":{"line":265,"column":45},"end":{"line":265,"column":51}},"133":{"start":{"line":265,"column":41},"end":{"line":265,"column":45}},"134":{"start":{"line":266,"column":8},"end":{"line":270,"column":null}},"135":{"start":{"line":269,"column":48},"end":{"line":269,"column":77}},"136":{"start":{"line":272,"column":0},"end":{"line":272,"column":null}}},"fnMap":{"0":{"name":"(anonymous_19)","decl":{"start":{"line":106,"column":0},"end":{"line":106,"column":38}},"loc":{"start":{"line":106,"column":0},"end":{"line":272,"column":null}}},"1":{"name":"AnyEvent","decl":{"start":{"line":112,"column":4},"end":{"line":112,"column":17}},"loc":{"start":{"line":112,"column":38},"end":{"line":115,"column":5}}},"2":{"name":"(anonymous_21)","decl":{"start":{"line":232,"column":23},"end":{"line":232,"column":24}},"loc":{"start":{"line":232,"column":57},"end":{"line":256,"column":5}}},"3":{"name":"(anonymous_23)","decl":{"start":{"line":244,"column":69},"end":{"line":244,"column":83}},"loc":{"start":{"line":244,"column":83},"end":{"line":246,"column":29}}},"4":{"name":"(anonymous_24)","decl":{"start":{"line":252,"column":41},"end":{"line":252,"column":42}},"loc":{"start":{"line":252,"column":52},"end":{"line":254,"column":13}}},"5":{"name":"(anonymous_25)","decl":{"start":{"line":116,"column":4},"end":{"line":116,"column":21}},"loc":{"start":{"line":116,"column":4},"end":{"line":119,"column":5}}},"6":{"name":"(anonymous_26)","decl":{"start":{"line":118,"column":22},"end":{"line":118,"column":28}},"loc":{"start":{"line":118,"column":22},"end":{"line":118,"column":29}}},"7":{"name":"(anonymous_27)","decl":{"start":{"line":120,"column":4},"end":{"line":120,"column":18}},"loc":{"start":{"line":120,"column":55},"end":{"line":144,"column":5}}},"8":{"name":"(anonymous_28)","decl":{"start":{"line":127,"column":19},"end":{"line":127,"column":null}},"loc":{"start":{"line":127,"column":19},"end":{"line":132,"column":17}}},"9":{"name":"(anonymous_29)","decl":{"start":{"line":133,"column":16},"end":{"line":133,"column":19}},"loc":{"start":{"line":133,"column":33},"end":{"line":139,"column":17}}},"10":{"name":"(anonymous_30)","decl":{"start":{"line":145,"column":4},"end":{"line":145,"column":15}},"loc":{"start":{"line":145,"column":4},"end":{"line":177,"column":5}}},"11":{"name":"(anonymous_31)","decl":{"start":{"line":150,"column":31},"end":{"line":150,"column":32}},"loc":{"start":{"line":150,"column":94},"end":{"line":170,"column":9}}},"12":{"name":"(anonymous_32)","decl":{"start":{"line":158,"column":43},"end":{"line":158,"column":47}},"loc":{"start":{"line":158,"column":47},"end":{"line":169,"column":13}}},"13":{"name":"(anonymous_33)","decl":{"start":{"line":160,"column":56},"end":{"line":160,"column":57}},"loc":{"start":{"line":160,"column":68},"end":{"line":168,"column":17}}},"14":{"name":"(anonymous_34)","decl":{"start":{"line":171,"column":51},"end":{"line":171,"column":56}},"loc":{"start":{"line":171,"column":56},"end":{"line":175,"column":9}}},"15":{"name":"(anonymous_35)","decl":{"start":{"line":178,"column":4},"end":{"line":178,"column":23}},"loc":{"start":{"line":178,"column":4},"end":{"line":192,"column":5}}},"16":{"name":"(anonymous_36)","decl":{"start":{"line":187,"column":31},"end":{"line":187,"column":32}},"loc":{"start":{"line":187,"column":37},"end":{"line":190,"column":9}}},"17":{"name":"(anonymous_37)","decl":{"start":{"line":193,"column":4},"end":{"line":193,"column":19}},"loc":{"start":{"line":193,"column":111},"end":{"line":206,"column":5}}},"18":{"name":"(anonymous_38)","decl":{"start":{"line":207,"column":4},"end":{"line":207,"column":18}},"loc":{"start":{"line":207,"column":30},"end":{"line":231,"column":5}}},"19":{"name":"(anonymous_40)","decl":{"start":{"line":221,"column":65},"end":{"line":221,"column":79}},"loc":{"start":{"line":221,"column":79},"end":{"line":225,"column":25}}},"20":{"name":"(anonymous_41)","decl":{"start":{"line":222,"column":61},"end":{"line":222,"column":62}},"loc":{"start":{"line":222,"column":74},"end":{"line":224,"column":29}}},"21":{"name":"(anonymous_42)","decl":{"start":{"line":229,"column":36},"end":{"line":229,"column":37}},"loc":{"start":{"line":229,"column":57},"end":{"line":229,"column":66}}},"22":{"name":"(anonymous_43)","decl":{"start":{"line":257,"column":4},"end":{"line":257,"column":15}},"loc":{"start":{"line":257,"column":4},"end":{"line":262,"column":5}}},"23":{"name":"(anonymous_44)","decl":{"start":{"line":263,"column":4},"end":{"line":263,"column":10}},"loc":{"start":{"line":263,"column":4},"end":{"line":271,"column":5}}},"24":{"name":"(anonymous_45)","decl":{"start":{"line":269,"column":22},"end":{"line":269,"column":23}},"loc":{"start":{"line":269,"column":43},"end":{"line":269,"column":52}}}},"branchMap":{"0":{"loc":{"start":{"line":113,"column":8},"end":{"line":113,"column":20}},"type":"binary-expr","locations":[{"start":{"line":113,"column":8},"end":{"line":113,"column":20}},{"start":{"line":113,"column":20},"end":{"line":113,"column":null}}]},"1":{"loc":{"start":{"line":236,"column":12},"end":{"line":251,"column":null}},"type":"if","locations":[{"start":{"line":236,"column":12},"end":{"line":251,"column":null}},{"start":{"line":236,"column":12},"end":{"line":251,"column":null}}]},"2":{"loc":{"start":{"line":238,"column":16},"end":{"line":238,"column":null}},"type":"if","locations":[{"start":{"line":238,"column":16},"end":{"line":238,"column":null}},{"start":{"line":238,"column":16},"end":{"line":238,"column":null}}]},"3":{"loc":{"start":{"line":241,"column":16},"end":{"line":249,"column":null}},"type":"if","locations":[{"start":{"line":241,"column":16},"end":{"line":249,"column":null}},{"start":{"line":241,"column":16},"end":{"line":249,"column":null}}]},"4":{"loc":{"start":{"line":243,"column":24},"end":{"line":247,"column":null}},"type":"if","locations":[{"start":{"line":243,"column":24},"end":{"line":247,"column":null}},{"start":{"line":243,"column":24},"end":{"line":247,"column":null}}]},"5":{"loc":{"start":{"line":121,"column":108},"end":{"line":121,"column":110}},"type":"cond-expr","locations":[{"start":{"line":121,"column":108},"end":{"line":121,"column":110}},{"start":{"line":121,"column":108},"end":{"line":121,"column":113}}]},"6":{"loc":{"start":{"line":121,"column":26},"end":{"line":121,"column":110}},"type":"binary-expr","locations":[{"start":{"line":121,"column":26},"end":{"line":121,"column":110}},{"start":{"line":121,"column":108},"end":{"line":121,"column":110}}]},"7":{"loc":{"start":{"line":122,"column":106},"end":{"line":122,"column":108}},"type":"cond-expr","locations":[{"start":{"line":122,"column":106},"end":{"line":122,"column":108}},{"start":{"line":122,"column":106},"end":{"line":122,"column":111}}]},"8":{"loc":{"start":{"line":122,"column":26},"end":{"line":122,"column":108}},"type":"binary-expr","locations":[{"start":{"line":122,"column":26},"end":{"line":122,"column":108}},{"start":{"line":122,"column":106},"end":{"line":122,"column":108}}]},"9":{"loc":{"start":{"line":128,"column":20},"end":{"line":130,"column":null}},"type":"if","locations":[{"start":{"line":128,"column":20},"end":{"line":130,"column":null}},{"start":{"line":128,"column":20},"end":{"line":130,"column":null}}]},"10":{"loc":{"start":{"line":134,"column":20},"end":{"line":136,"column":null}},"type":"if","locations":[{"start":{"line":134,"column":20},"end":{"line":136,"column":null}},{"start":{"line":134,"column":20},"end":{"line":136,"column":null}}]},"11":{"loc":{"start":{"line":159,"column":16},"end":{"line":159,"column":66}},"type":"if","locations":[{"start":{"line":159,"column":16},"end":{"line":159,"column":66}},{"start":{"line":159,"column":16},"end":{"line":159,"column":66}}]},"12":{"loc":{"start":{"line":161,"column":20},"end":{"line":161,"column":64}},"type":"if","locations":[{"start":{"line":161,"column":20},"end":{"line":161,"column":64}},{"start":{"line":161,"column":20},"end":{"line":161,"column":64}}]},"13":{"loc":{"start":{"line":163,"column":20},"end":{"line":165,"column":null}},"type":"if","locations":[{"start":{"line":163,"column":20},"end":{"line":165,"column":null}},{"start":{"line":163,"column":20},"end":{"line":165,"column":null}}]},"14":{"loc":{"start":{"line":172,"column":12},"end":{"line":172,"column":31}},"type":"if","locations":[{"start":{"line":172,"column":12},"end":{"line":172,"column":31}},{"start":{"line":172,"column":12},"end":{"line":172,"column":31}}]},"15":{"loc":{"start":{"line":173,"column":47},"end":{"line":173,"column":72}},"type":"binary-expr","locations":[{"start":{"line":173,"column":47},"end":{"line":173,"column":72}},{"start":{"line":173,"column":76},"end":{"line":173,"column":78}}]},"16":{"loc":{"start":{"line":174,"column":48},"end":{"line":174,"column":69}},"type":"binary-expr","locations":[{"start":{"line":174,"column":48},"end":{"line":174,"column":69}},{"start":{"line":174,"column":73},"end":{"line":174,"column":75}}]},"17":{"loc":{"start":{"line":187,"column":9},"end":{"line":187,"column":15}},"type":"binary-expr","locations":[{"start":{"line":187,"column":9},"end":{"line":187,"column":15}},{"start":{"line":187,"column":19},"end":{"line":187,"column":21}}]},"18":{"loc":{"start":{"line":188,"column":60},"end":{"line":188,"column":85}},"type":"binary-expr","locations":[{"start":{"line":188,"column":60},"end":{"line":188,"column":85}},{"start":{"line":188,"column":89},"end":{"line":188,"column":91}}]},"19":{"loc":{"start":{"line":189,"column":25},"end":{"line":189,"column":35}},"type":"binary-expr","locations":[{"start":{"line":189,"column":25},"end":{"line":189,"column":35}},{"start":{"line":189,"column":39},"end":{"line":189,"column":52}}]},"20":{"loc":{"start":{"line":194,"column":25},"end":{"line":194,"column":30}},"type":"binary-expr","locations":[{"start":{"line":194,"column":25},"end":{"line":194,"column":30}},{"start":{"line":194,"column":35},"end":{"line":194,"column":65}}]},"21":{"loc":{"start":{"line":197,"column":30},"end":{"line":197,"column":51}},"type":"binary-expr","locations":[{"start":{"line":197,"column":30},"end":{"line":197,"column":51}},{"start":{"line":197,"column":55},"end":{"line":197,"column":76}}]},"22":{"loc":{"start":{"line":199,"column":8},"end":{"line":205,"column":null}},"type":"if","locations":[{"start":{"line":199,"column":8},"end":{"line":205,"column":null}},{"start":{"line":199,"column":8},"end":{"line":205,"column":null}}]},"23":{"loc":{"start":{"line":201,"column":12},"end":{"line":201,"column":67}},"type":"if","locations":[{"start":{"line":201,"column":12},"end":{"line":201,"column":67}},{"start":{"line":201,"column":12},"end":{"line":201,"column":67}}]},"24":{"loc":{"start":{"line":202,"column":12},"end":{"line":204,"column":null}},"type":"if","locations":[{"start":{"line":202,"column":12},"end":{"line":204,"column":null}},{"start":{"line":202,"column":12},"end":{"line":204,"column":null}}]},"25":{"loc":{"start":{"line":210,"column":8},"end":{"line":230,"column":null}},"type":"if","locations":[{"start":{"line":210,"column":8},"end":{"line":230,"column":null}},{"start":{"line":210,"column":8},"end":{"line":230,"column":null}}]},"26":{"loc":{"start":{"line":213,"column":20},"end":{"line":215,"column":null}},"type":"if","locations":[{"start":{"line":213,"column":20},"end":{"line":215,"column":null}},{"start":{"line":213,"column":20},"end":{"line":215,"column":null}}]},"27":{"loc":{"start":{"line":220,"column":20},"end":{"line":226,"column":null}},"type":"if","locations":[{"start":{"line":220,"column":20},"end":{"line":226,"column":null}},{"start":{"line":220,"column":20},"end":{"line":226,"column":null}}]},"28":{"loc":{"start":{"line":258,"column":8},"end":{"line":261,"column":null}},"type":"if","locations":[{"start":{"line":258,"column":8},"end":{"line":261,"column":null}},{"start":{"line":258,"column":8},"end":{"line":261,"column":null}}]},"29":{"loc":{"start":{"line":269,"column":88},"end":{"line":269,"column":96}},"type":"cond-expr","locations":[{"start":{"line":269,"column":88},"end":{"line":269,"column":96}},{"start":{"line":269,"column":99},"end":{"line":269,"column":103}}]}},"s":{"0":1,"1":1,"2":1,"3":1,"4":8,"5":8,"6":8,"7":8,"8":8,"9":26,"10":31,"11":20,"12":20,"13":4,"14":16,"15":16,"16":10,"17":10,"18":10,"19":14,"20":14,"21":12,"22":14,"23":16,"24":27,"25":11,"26":26,"27":26,"28":26,"29":31,"30":31,"31":8,"32":1,"33":8,"34":8,"35":8,"36":1,"37":10,"38":10,"39":10,"40":10,"41":10,"42":49,"43":32,"44":17,"45":7,"46":3,"47":7,"48":1,"49":8,"50":8,"51":8,"52":8,"53":18,"54":18,"55":21,"56":15,"57":21,"58":27,"59":6,"60":27,"61":27,"62":24,"63":27,"64":27,"65":8,"66":10,"67":1,"68":9,"69":9,"70":8,"71":1,"72":7,"73":7,"74":7,"75":8,"76":8,"77":7,"78":1,"79":15,"80":15,"81":15,"82":15,"83":15,"84":5,"85":4,"86":5,"87":3,"88":1,"89":12,"90":12,"91":12,"92":12,"93":12,"94":8,"95":8,"96":8,"97":10,"98":10,"99":10,"100":10,"101":10,"102":10,"103":16,"104":16,"105":10,"106":5,"107":5,"108":5,"109":8,"110":8,"111":5,"112":6,"113":1,"114":8,"115":8,"116":8,"117":5,"118":5,"119":5,"120":5,"121":8,"122":1,"123":1,"124":8,"125":7,"126":7,"127":1,"128":16,"129":16,"130":16,"131":16,"132":32,"133":16,"134":16,"135":31,"136":1},"f":{"0":1,"1":8,"2":26,"3":14,"4":11,"5":8,"6":8,"7":10,"8":49,"9":7,"10":8,"11":18,"12":21,"13":27,"14":10,"15":7,"16":8,"17":15,"18":12,"19":6,"20":1,"21":1,"22":8,"23":16,"24":31},"b":{"0":[8,8],"1":[20,11],"2":[4,16],"3":[10,6],"4":[12,2],"5":[4,6],"6":[10,10],"7":[4,6],"8":[10,10],"9":[32,17],"10":[3,4],"11":[15,6],"12":[6,21],"13":[24,3],"14":[1,9],"15":[9,2],"16":[9,2],"17":[7,1],"18":[8,2],"19":[8,8],"20":[15,14],"21":[15,15],"22":[5,10],"23":[4,1],"24":[3,2],"25":[8,4],"26":[10,6],"27":[5,3],"28":[7,1],"29":[8,8]}}
}
