TN:
SF:src\index.tsx
FN:106,(anonymous_19)
FN:112,AnyEvent
FN:232,(anonymous_21)
FN:244,(anonymous_23)
FN:252,(anonymous_24)
FN:116,(anonymous_25)
FN:118,(anonymous_26)
FN:120,(anonymous_27)
FN:127,(anonymous_28)
FN:133,(anonymous_29)
FN:145,(anonymous_30)
FN:150,(anonymous_31)
FN:158,(anonymous_32)
FN:160,(anonymous_33)
FN:171,(anonymous_34)
FN:178,(anonymous_35)
FN:187,(anonymous_36)
FN:193,(anonymous_37)
FN:207,(anonymous_38)
FN:221,(anonymous_40)
FN:222,(anonymous_41)
FN:229,(anonymous_42)
FN:257,(anonymous_43)
FN:263,(anonymous_44)
FN:269,(anonymous_45)
FNF:25
FNH:25
FNDA:1,(anonymous_19)
FNDA:8,AnyEvent
FNDA:26,(anonymous_21)
FNDA:14,(anonymous_23)
FNDA:11,(anonymous_24)
FNDA:8,(anonymous_25)
FNDA:8,(anonymous_26)
FNDA:10,(anonymous_27)
FNDA:49,(anonymous_28)
FNDA:7,(anonymous_29)
FNDA:8,(anonymous_30)
FNDA:18,(anonymous_31)
FNDA:21,(anonymous_32)
FNDA:27,(anonymous_33)
FNDA:10,(anonymous_34)
FNDA:7,(anonymous_35)
FNDA:8,(anonymous_36)
FNDA:15,(anonymous_37)
FNDA:12,(anonymous_38)
FNDA:6,(anonymous_40)
FNDA:1,(anonymous_41)
FNDA:1,(anonymous_42)
FNDA:8,(anonymous_43)
FNDA:16,(anonymous_44)
FNDA:31,(anonymous_45)
DA:1,1
DA:2,1
DA:106,1
DA:107,8
DA:109,8
DA:110,8
DA:113,8
DA:114,8
DA:116,1
DA:117,8
DA:118,8
DA:120,1
DA:121,10
DA:122,10
DA:123,10
DA:125,10
DA:126,10
DA:128,49
DA:129,32
DA:131,17
DA:134,7
DA:135,3
DA:138,7
DA:145,1
DA:146,8
DA:147,8
DA:148,8
DA:150,8
DA:153,18
DA:158,18
DA:159,21
DA:160,21
DA:161,27
DA:162,27
DA:163,27
DA:164,24
DA:166,27
DA:167,27
DA:171,8
DA:172,10
DA:173,9
DA:174,9
DA:176,8
DA:178,1
DA:179,7
DA:180,7
DA:187,7
DA:188,8
DA:189,8
DA:191,7
DA:193,1
DA:194,15
DA:195,15
DA:196,15
DA:197,15
DA:199,15
DA:201,5
DA:202,5
DA:203,3
DA:207,12
DA:208,12
DA:210,12
DA:211,10
DA:212,16
DA:213,16
DA:214,10
DA:218,8
DA:219,8
DA:220,8
DA:221,5
DA:222,6
DA:223,1
DA:229,8
DA:232,8
DA:233,26
DA:235,31
DA:236,31
DA:237,20
DA:238,20
DA:240,16
DA:241,16
DA:242,14
DA:243,14
DA:244,12
DA:245,14
DA:250,16
DA:252,27
DA:253,11
DA:257,1
DA:258,8
DA:259,7
DA:260,7
DA:263,16
DA:264,16
DA:265,32
DA:266,16
DA:269,31
DA:272,1
LF:98
LH:98
BRDA:113,0,0,8
BRDA:113,0,1,8
BRDA:236,1,0,20
BRDA:236,1,1,11
BRDA:238,2,0,4
BRDA:238,2,1,16
BRDA:241,3,0,10
BRDA:241,3,1,6
BRDA:243,4,0,12
BRDA:243,4,1,2
BRDA:121,5,0,4
BRDA:121,5,1,6
BRDA:121,6,0,10
BRDA:121,6,1,10
BRDA:122,7,0,4
BRDA:122,7,1,6
BRDA:122,8,0,10
BRDA:122,8,1,10
BRDA:128,9,0,32
BRDA:128,9,1,17
BRDA:134,10,0,3
BRDA:134,10,1,4
BRDA:159,11,0,15
BRDA:159,11,1,6
BRDA:161,12,0,6
BRDA:161,12,1,21
BRDA:163,13,0,24
BRDA:163,13,1,3
BRDA:172,14,0,1
BRDA:172,14,1,9
BRDA:173,15,0,9
BRDA:173,15,1,2
BRDA:174,16,0,9
BRDA:174,16,1,2
BRDA:187,17,0,7
BRDA:187,17,1,1
BRDA:188,18,0,8
BRDA:188,18,1,2
BRDA:189,19,0,8
BRDA:189,19,1,8
BRDA:194,20,0,15
BRDA:194,20,1,14
BRDA:197,21,0,15
BRDA:197,21,1,15
BRDA:199,22,0,5
BRDA:199,22,1,10
BRDA:201,23,0,4
BRDA:201,23,1,1
BRDA:202,24,0,3
BRDA:202,24,1,2
BRDA:210,25,0,8
BRDA:210,25,1,4
BRDA:213,26,0,10
BRDA:213,26,1,6
BRDA:220,27,0,5
BRDA:220,27,1,3
BRDA:258,28,0,7
BRDA:258,28,1,1
BRDA:269,29,0,8
BRDA:269,29,1,8
BRF:60
BRH:60
end_of_record
